Aug 05, 2025 4:21:57 PM com.casidesia.chatmakesmusic.Main main
INFO: Application successfully started.
Aug 05, 2025 4:21:57 PM com.casidesia.chatmakesmusic.Main addToXML
INFO: Time Signature set.
Aug 05, 2025 4:21:57 PM com.casidesia.chatmakesmusic.Main addToXML
INFO: Octave set.
Aug 05, 2025 4:21:57 PM com.casidesia.chatmakesmusic.Main addToXML
INFO: length: whole, Note: D
Aug 05, 2025 4:21:57 PM com.casidesia.chatmakesmusic.Main addToXML
INFO: Step: D
Aug 05, 2025 4:21:57 PM com.casidesia.chatmakesmusic.Main addToXML
INFO: length: half, Note: rest
Aug 05, 2025 4:21:57 PM com.casidesia.chatmakesmusic.Main addToXML
INFO: length: half, Note: A
Aug 05, 2025 4:21:57 PM com.casidesia.chatmakesmusic.Main addToXML
INFO: Step: A
Aug 05, 2025 4:21:57 PM com.casidesia.chatmakesmusic.Main addToXML
INFO: length: sixteenth, Note: F
Aug 05, 2025 4:21:57 PM com.casidesia.chatmakesmusic.Main addToXML
INFO: Step: F
Aug 05, 2025 4:21:57 PM com.casidesia.chatmakesmusic.Main addToXML
INFO: length: whole, Note: D
Aug 05, 2025 4:21:57 PM com.casidesia.chatmakesmusic.Main addToXML
INFO: Step: D
Aug 05, 2025 4:21:57 PM com.casidesia.chatmakesmusic.Main addToXML
INFO: length: sixteenth, Note: C
Aug 05, 2025 4:21:57 PM com.casidesia.chatmakesmusic.Main addToXML
INFO: Step: C
Aug 05, 2025 4:21:57 PM com.casidesia.chatmakesmusic.Main addToXML
INFO: length: sixteenth, Note: A
Aug 05, 2025 4:21:57 PM com.casidesia.chatmakesmusic.Main addToXML
INFO: Step: A
Aug 05, 2025 4:21:57 PM com.casidesia.chatmakesmusic.Main addToXML
INFO: length: sixteenth, Note: F
Aug 05, 2025 4:21:57 PM com.casidesia.chatmakesmusic.Main addToXML
INFO: Step: F
Aug 05, 2025 4:21:57 PM com.casidesia.chatmakesmusic.Main addToXML
INFO: length: half, Note: F
Aug 05, 2025 4:21:57 PM com.casidesia.chatmakesmusic.Main addToXML
INFO: Step: F
Aug 05, 2025 4:21:57 PM com.casidesia.chatmakesmusic.Main marshalScore
INFO: Calling tryMarshal...
Aug 05, 2025 4:21:57 PM com.casidesia.chatmakesmusic.Main marshalScore
INFO: Marshalling done in 535 ms
Aug 05, 2025 4:21:57 PM com.casidesia.chatmakesmusic.Main marshalScore
INFO: Score exported to src\test\java\testFile1754425317276.musicxml
